<?xml version="1.0" encoding="UTF-8"?>
<!-- Generated by org.testng.reporters.JUnitReportReporter -->
<testsuite hostname="LAPTOP-DT949S15" failures="0" tests="36" name="h2h.TS_003" time="36.459" errors="1" timestamp="2022-01-28T17:38:14 IST" skipped="35">
  <testcase classname="h2h.TS_003" name="OpenBrowser" time="36.459">
    <error message="unknown error: cannot determine loading status
from disconnected: unable to send message to renderer
  (Session info: chrome=97.0.4692.71)
Build info: version: &#039;3.141.59&#039;, revision: &#039;e82be7d358&#039;, time: &#039;2018-11-14T08:25:53&#039;
System info: host: &#039;LAPTOP-DT949S15&#039;, ip: &#039;192.168.1.8&#039;, os.name: &#039;Windows 10&#039;, os.arch: &#039;amd64&#039;, os.version: &#039;10.0&#039;, java.version: &#039;12.0.2&#039;
Driver info: org.openqa.selenium.chrome.ChromeDriver
Capabilities {acceptInsecureCerts: false, browserName: chrome, browserVersion: 97.0.4692.71, chrome: {chromedriverVersion: 96.0.4664.45 (76e4c1bb2ab46..., userDataDir: C:\Users\HDSOFT~1\AppData\L...}, goog:chromeOptions: {debuggerAddress: localhost:58365}, javascriptEnabled: true, networkConnectionEnabled: false, pageLoadStrategy: normal, platform: WINDOWS, platformName: WINDOWS, proxy: Proxy(), setWindowRect: true, strictFileInteractability: false, timeouts: {implicit: 0, pageLoad: 300000, script: 30000}, unhandledPromptBehavior: dismiss and notify, webauthn:extension:credBlob: true, webauthn:extension:largeBlob: true, webauthn:virtualAuthenticators: true}
Session ID: 11a6832663fc913a7bc9ce53615e5ef1" type="org.openqa.selenium.WebDriverException">
      <![CDATA[org.openqa.selenium.WebDriverException: unknown error: cannot determine loading status
from disconnected: unable to send message to renderer
  (Session info: chrome=97.0.4692.71)
Build info: version: '3.141.59', revision: 'e82be7d358', time: '2018-11-14T08:25:53'
System info: host: 'LAPTOP-DT949S15', ip: '192.168.1.8', os.name: 'Windows 10', os.arch: 'amd64', os.version: '10.0', java.version: '12.0.2'
Driver info: org.openqa.selenium.chrome.ChromeDriver
Capabilities {acceptInsecureCerts: false, browserName: chrome, browserVersion: 97.0.4692.71, chrome: {chromedriverVersion: 96.0.4664.45 (76e4c1bb2ab46..., userDataDir: C:\Users\HDSOFT~1\AppData\L...}, goog:chromeOptions: {debuggerAddress: localhost:58365}, javascriptEnabled: true, networkConnectionEnabled: false, pageLoadStrategy: normal, platform: WINDOWS, platformName: WINDOWS, proxy: Proxy(), setWindowRect: true, strictFileInteractability: false, timeouts: {implicit: 0, pageLoad: 300000, script: 30000}, unhandledPromptBehavior: dismiss and notify, webauthn:extension:credBlob: true, webauthn:extension:largeBlob: true, webauthn:virtualAuthenticators: true}
Session ID: 11a6832663fc913a7bc9ce53615e5ef1
at java.base/jdk.internal.reflect.NativeConstructorAccessorImpl.newInstance0(Native Method)
at java.base/jdk.internal.reflect.NativeConstructorAccessorImpl.newInstance(NativeConstructorAccessorImpl.java:62)
at java.base/jdk.internal.reflect.DelegatingConstructorAccessorImpl.newInstance(DelegatingConstructorAccessorImpl.java:45)
at java.base/java.lang.reflect.Constructor.newInstanceWithCaller(Constructor.java:500)
at java.base/java.lang.reflect.Constructor.newInstance(Constructor.java:481)
at org.openqa.selenium.remote.http.W3CHttpResponseCodec.createException(W3CHttpResponseCodec.java:187)
at org.openqa.selenium.remote.http.W3CHttpResponseCodec.decode(W3CHttpResponseCodec.java:122)
at org.openqa.selenium.remote.http.W3CHttpResponseCodec.decode(W3CHttpResponseCodec.java:49)
at org.openqa.selenium.remote.HttpCommandExecutor.execute(HttpCommandExecutor.java:158)
at org.openqa.selenium.remote.service.DriverCommandExecutor.execute(DriverCommandExecutor.java:83)
at org.openqa.selenium.remote.RemoteWebDriver.execute(RemoteWebDriver.java:552)
at org.openqa.selenium.remote.RemoteWebDriver.get(RemoteWebDriver.java:277)
at h2h.TS_003.OpenBrowser(TS_003.java:24)
at java.base/jdk.internal.reflect.NativeMethodAccessorImpl.invoke0(Native Method)
at java.base/jdk.internal.reflect.NativeMethodAccessorImpl.invoke(NativeMethodAccessorImpl.java:62)
at java.base/jdk.internal.reflect.DelegatingMethodAccessorImpl.invoke(DelegatingMethodAccessorImpl.java:43)
at java.base/java.lang.reflect.Method.invoke(Method.java:567)
at org.testng.internal.MethodInvocationHelper.invokeMethod(MethodInvocationHelper.java:133)
at org.testng.internal.MethodInvocationHelper.invokeMethodConsideringTimeout(MethodInvocationHelper.java:62)
at org.testng.internal.ConfigInvoker.invokeConfigurationMethod(ConfigInvoker.java:385)
at org.testng.internal.ConfigInvoker.invokeConfigurations(ConfigInvoker.java:321)
at org.testng.SuiteRunner.privateRun(SuiteRunner.java:317)
at org.testng.SuiteRunner.run(SuiteRunner.java:276)
at org.testng.SuiteRunnerWorker.runSuite(SuiteRunnerWorker.java:53)
at org.testng.SuiteRunnerWorker.run(SuiteRunnerWorker.java:96)
at org.testng.TestNG.runSuitesSequentially(TestNG.java:1212)
at org.testng.TestNG.runSuitesLocally(TestNG.java:1134)
at org.testng.TestNG.runSuites(TestNG.java:1063)
at org.testng.TestNG.run(TestNG.java:1031)
at org.testng.remote.AbstractRemoteTestNG.run(AbstractRemoteTestNG.java:115)
at org.testng.remote.RemoteTestNG.initAndRun(RemoteTestNG.java:251)
at org.testng.remote.RemoteTestNG.main(RemoteTestNG.java:77)
]]>
    </error>
  </testcase> <!-- OpenBrowser -->
  <system-out/>
  <testcase classname="h2h.TS_003" name="TC_01_Check_click_the_Setting_parental_menu" time="0.000">
    <skipped/>
  </testcase> <!-- TC_01_Check_click_the_Setting_parental_menu -->
  <system-out/>
  <testcase classname="h2h.TS_003" name="TC_02_Check_click_the_Profile_image_upload_child_menu" time="0.000">
    <skipped/>
  </testcase> <!-- TC_02_Check_click_the_Profile_image_upload_child_menu -->
  <system-out/>
  <testcase classname="h2h.TS_003" name="TC_03_In_Profile_image_upload_check_the_profile_photo_field" time="0.000">
    <skipped/>
  </testcase> <!-- TC_03_In_Profile_image_upload_check_the_profile_photo_field -->
  <system-out/>
  <testcase classname="h2h.TS_003" name="TC_04_In_Profile_image_upload_check_the_Upload_photo_are_changed_or_not" time="0.000">
    <skipped/>
  </testcase> <!-- TC_04_In_Profile_image_upload_check_the_Upload_photo_are_changed_or_not -->
  <system-out/>
  <testcase classname="h2h.TS_003" name="TC_05_In_Profile_image_upload_check_the_Upload_photo_field" time="0.000">
    <skipped/>
  </testcase> <!-- TC_05_In_Profile_image_upload_check_the_Upload_photo_field -->
  <system-out/>
  <testcase classname="h2h.TS_003" name="TC_06_In_Profile_image_upload_check_the_Upload_photo_field_whether_it_support_or_not" time="0.000">
    <skipped/>
  </testcase> <!-- TC_06_In_Profile_image_upload_check_the_Upload_photo_field_whether_it_support_or_not -->
  <system-out/>
  <testcase classname="h2h.TS_003" name="TC_07_In_Profile_image_upload_check_the_Upload_photo_field_whether_it_support_the_size_of_image" time="0.000">
    <skipped/>
  </testcase> <!-- TC_07_In_Profile_image_upload_check_the_Upload_photo_field_whether_it_support_the_size_of_image -->
  <system-out/>
  <testcase classname="h2h.TS_003" name="TC_08_In_Profile_image_upload_Check_the_Submit_Button_to_confirm_the_entries" time="0.000">
    <skipped/>
  </testcase> <!-- TC_08_In_Profile_image_upload_Check_the_Submit_Button_to_confirm_the_entries -->
  <system-out/>
  <testcase classname="h2h.TS_003" name="TC_09_In_Profile_image_upload_Check_the_Cancel_Button_to_remove_the_entries_in_all_field" time="0.000">
    <skipped/>
  </testcase> <!-- TC_09_In_Profile_image_upload_Check_the_Cancel_Button_to_remove_the_entries_in_all_field -->
  <system-out/>
  <testcase classname="h2h.TS_003" name="TC_10_In_Approval_check_the_Program_Name_field" time="0.000">
    <skipped/>
  </testcase> <!-- TC_10_In_Approval_check_the_Program_Name_field -->
  <system-out/>
  <testcase classname="h2h.TS_003" name="TC_11_InApproval_check_the_Program_Name_field_are_allow_manual_input_or_not" time="0.000">
    <skipped/>
  </testcase> <!-- TC_11_InApproval_check_the_Program_Name_field_are_allow_manual_input_or_not -->
  <system-out/>
  <testcase classname="h2h.TS_003" name="TC_12_In_Approval_check_the_Search_Value_field" time="0.000">
    <skipped/>
  </testcase> <!-- TC_12_In_Approval_check_the_Search_Value_field -->
  <system-out/>
  <testcase classname="h2h.TS_003" name="TC_13_In_Approval_check_the_Entered_by_field" time="0.000">
    <skipped/>
  </testcase> <!-- TC_13_In_Approval_check_the_Entered_by_field -->
  <system-out/>
  <testcase classname="h2h.TS_003" name="TC_14_In_Approval_check_the_Reset_icon_button" time="0.000">
    <skipped/>
  </testcase> <!-- TC_14_In_Approval_check_the_Reset_icon_button -->
  <system-out/>
  <testcase classname="h2h.TS_003" name="TC_15_In_Approval_check_the_row_per_page_field" time="0.000">
    <skipped/>
  </testcase> <!-- TC_15_In_Approval_check_the_row_per_page_field -->
  <system-out/>
  <testcase classname="h2h.TS_003" name="TC_16_In_Approval_check_the_Authorize_button" time="0.000">
    <skipped/>
  </testcase> <!-- TC_16_In_Approval_check_the_Authorize_button -->
  <system-out/>
  <testcase classname="h2h.TS_003" name="TC_17_In_Approval_check_the_Reject_button" time="0.000">
    <skipped/>
  </testcase> <!-- TC_17_In_Approval_check_the_Reject_button -->
  <system-out/>
  <testcase classname="h2h.TS_003" name="TC_25_In_Block_unblock_User_Check_the_User_ID_field" time="0.000">
    <skipped/>
  </testcase> <!-- TC_25_In_Block_unblock_User_Check_the_User_ID_field -->
  <system-out/>
  <testcase classname="h2h.TS_003" name="TC_26_In_Block_unblock_User_verify_the_Check_box_field" time="0.000">
    <skipped/>
  </testcase> <!-- TC_26_In_Block_unblock_User_verify_the_Check_box_field -->
  <system-out/>
  <testcase classname="h2h.TS_003" name="TC_27_In_Block_unblock_User_Check_the_Submit_Button_to_confirm_the_entries" time="0.000">
    <skipped/>
  </testcase> <!-- TC_27_In_Block_unblock_User_Check_the_Submit_Button_to_confirm_the_entries -->
  <system-out/>
  <testcase classname="h2h.TS_003" name="TC_28_In_Block_unblock_User_Check_the_Cancel_Button" time="0.000">
    <skipped/>
  </testcase> <!-- TC_28_In_Block_unblock_User_Check_the_Cancel_Button -->
  <system-out/>
  <testcase classname="h2h.TS_003" name="TC_29_In_Ledger_Map_Check_the_Payment_Vendor_fileds" time="0.000">
    <skipped/>
  </testcase> <!-- TC_29_In_Ledger_Map_Check_the_Payment_Vendor_fileds -->
  <system-out/>
  <testcase classname="h2h.TS_003" name="TC_30_In_Ledger_Map_Check_the_Invoice_Subcode_fileds" time="0.000">
    <skipped/>
  </testcase> <!-- TC_30_In_Ledger_Map_Check_the_Invoice_Subcode_fileds -->
  <system-out/>
  <testcase classname="h2h.TS_003" name="TC_31_In_Ledger_Map_Check_the_Transaction_Type_fileds" time="0.000">
    <skipped/>
  </testcase> <!-- TC_31_In_Ledger_Map_Check_the_Transaction_Type_fileds -->
  <system-out/>
  <testcase classname="h2h.TS_003" name="TC_32_In_Ledger_Map_Check_the_Debit_Credit_fileds" time="0.000">
    <skipped/>
  </testcase> <!-- TC_32_In_Ledger_Map_Check_the_Debit_Credit_fileds -->
  <system-out/>
  <testcase classname="h2h.TS_003" name="TC_33_In_Ledger_Map_Check_the_Currency_fileds" time="0.000">
    <skipped/>
  </testcase> <!-- TC_33_In_Ledger_Map_Check_the_Currency_fileds -->
  <system-out/>
  <testcase classname="h2h.TS_003" name="TC_34_In_STP_Check_the_STP_check_box_field" time="0.000">
    <skipped/>
  </testcase> <!-- TC_34_In_STP_Check_the_STP_check_box_field -->
  <system-out/>
  <testcase classname="h2h.TS_003" name="TC_35_In_Account_Name_Check_the_Account_Name_field" time="0.000">
    <skipped/>
  </testcase> <!-- TC_35_In_Account_Name_Check_the_Account_Name_field -->
  <system-out/>
  <testcase classname="h2h.TS_003" name="TC_36_In_Ledger_Map_Check_the_Submit_Button_to_confirm_the_entries" time="0.000">
    <skipped/>
  </testcase> <!-- TC_36_In_Ledger_Map_Check_the_Submit_Button_to_confirm_the_entries -->
  <system-out/>
  <testcase classname="h2h.TS_003" name="TC_37_In_Ledger_Map_Check_the_Reset_button_to_remove_the_entries_in_all_filed" time="0.000">
    <skipped/>
  </testcase> <!-- TC_37_In_Ledger_Map_Check_the_Reset_button_to_remove_the_entries_in_all_filed -->
  <system-out/>
  <testcase classname="h2h.TS_003" name="TC_38_In_User_Password_Reset_Check_the_User_id_field" time="0.000">
    <skipped/>
  </testcase> <!-- TC_38_In_User_Password_Reset_Check_the_User_id_field -->
  <system-out/>
  <testcase classname="h2h.TS_003" name="TC_39_In_User_Password_Reset_Check_the_New_Password_field" time="0.000">
    <skipped/>
  </testcase> <!-- TC_39_In_User_Password_Reset_Check_the_New_Password_field -->
  <system-out/>
  <testcase classname="h2h.TS_003" name="TC_40_In_User_Password_Reset_Check_the_Re_Enter_Password_field" time="0.000">
    <skipped/>
  </testcase> <!-- TC_40_In_User_Password_Reset_Check_the_Re_Enter_Password_field -->
  <system-out/>
  <testcase classname="h2h.TS_003" name="TC_41_In_User_Password_Reset_Check_the_Submit_Button_to_confirm_the_entries" time="0.000">
    <skipped/>
  </testcase> <!-- TC_41_In_User_Password_Reset_Check_the_Submit_Button_to_confirm_the_entries -->
  <system-out/>
  <testcase classname="h2h.TS_003" name="TC_4_In_User_Password_Reset_Check_the_Reset_Button_to_remove_the_entries_in_all_filed" time="0.000">
    <skipped/>
  </testcase> <!-- TC_4_In_User_Password_Reset_Check_the_Reset_Button_to_remove_the_entries_in_all_filed -->
  <system-out/>
</testsuite> <!-- h2h.TS_003 -->
