<?xml version="1.0" encoding="UTF-8"?>
<!-- Generated by org.testng.reporters.JUnitReportReporter -->
<testsuite hostname="LAPTOP-DT949S15" failures="0" tests="17" name="h2h.TS_001_ADMIN" time="51.889" errors="1" timestamp="2022-01-17T12:02:52 IST" skipped="16">
  <testcase classname="h2h.TS_001_ADMIN" name="OpenBrowser" time="51.889">
    <error message="unknown error: cannot determine loading status
from unknown error: cannot determine loading status
from disconnected: received Inspector.detached event
  (Session info: chrome=97.0.4692.71)
Build info: version: &#039;3.141.59&#039;, revision: &#039;e82be7d358&#039;, time: &#039;2018-11-14T08:25:53&#039;
System info: host: &#039;LAPTOP-DT949S15&#039;, ip: &#039;10.81.234.12&#039;, os.name: &#039;Windows 10&#039;, os.arch: &#039;amd64&#039;, os.version: &#039;10.0&#039;, java.version: &#039;12.0.2&#039;
Driver info: org.openqa.selenium.chrome.ChromeDriver
Capabilities {acceptInsecureCerts: false, browserName: chrome, browserVersion: 97.0.4692.71, chrome: {chromedriverVersion: 96.0.4664.45 (76e4c1bb2ab46..., userDataDir: C:\Users\HDSOFT~1\AppData\L...}, goog:chromeOptions: {debuggerAddress: localhost:55593}, javascriptEnabled: true, networkConnectionEnabled: false, pageLoadStrategy: normal, platform: WINDOWS, platformName: WINDOWS, proxy: Proxy(), setWindowRect: true, strictFileInteractability: false, timeouts: {implicit: 0, pageLoad: 300000, script: 30000}, unhandledPromptBehavior: dismiss and notify, webauthn:extension:credBlob: true, webauthn:extension:largeBlob: true, webauthn:virtualAuthenticators: true}
Session ID: 6daf7e6211cf2f4ea71c803a38453791" type="org.openqa.selenium.WebDriverException">
      <![CDATA[org.openqa.selenium.WebDriverException: unknown error: cannot determine loading status
from unknown error: cannot determine loading status
from disconnected: received Inspector.detached event
  (Session info: chrome=97.0.4692.71)
Build info: version: '3.141.59', revision: 'e82be7d358', time: '2018-11-14T08:25:53'
System info: host: 'LAPTOP-DT949S15', ip: '10.81.234.12', os.name: 'Windows 10', os.arch: 'amd64', os.version: '10.0', java.version: '12.0.2'
Driver info: org.openqa.selenium.chrome.ChromeDriver
Capabilities {acceptInsecureCerts: false, browserName: chrome, browserVersion: 97.0.4692.71, chrome: {chromedriverVersion: 96.0.4664.45 (76e4c1bb2ab46..., userDataDir: C:\Users\HDSOFT~1\AppData\L...}, goog:chromeOptions: {debuggerAddress: localhost:55593}, javascriptEnabled: true, networkConnectionEnabled: false, pageLoadStrategy: normal, platform: WINDOWS, platformName: WINDOWS, proxy: Proxy(), setWindowRect: true, strictFileInteractability: false, timeouts: {implicit: 0, pageLoad: 300000, script: 30000}, unhandledPromptBehavior: dismiss and notify, webauthn:extension:credBlob: true, webauthn:extension:largeBlob: true, webauthn:virtualAuthenticators: true}
Session ID: 6daf7e6211cf2f4ea71c803a38453791
at java.base/jdk.internal.reflect.NativeConstructorAccessorImpl.newInstance0(Native Method)
at java.base/jdk.internal.reflect.NativeConstructorAccessorImpl.newInstance(NativeConstructorAccessorImpl.java:62)
at java.base/jdk.internal.reflect.DelegatingConstructorAccessorImpl.newInstance(DelegatingConstructorAccessorImpl.java:45)
at java.base/java.lang.reflect.Constructor.newInstanceWithCaller(Constructor.java:500)
at java.base/java.lang.reflect.Constructor.newInstance(Constructor.java:481)
at org.openqa.selenium.remote.http.W3CHttpResponseCodec.createException(W3CHttpResponseCodec.java:187)
at org.openqa.selenium.remote.http.W3CHttpResponseCodec.decode(W3CHttpResponseCodec.java:122)
at org.openqa.selenium.remote.http.W3CHttpResponseCodec.decode(W3CHttpResponseCodec.java:49)
at org.openqa.selenium.remote.HttpCommandExecutor.execute(HttpCommandExecutor.java:158)
at org.openqa.selenium.remote.service.DriverCommandExecutor.execute(DriverCommandExecutor.java:83)
at org.openqa.selenium.remote.RemoteWebDriver.execute(RemoteWebDriver.java:552)
at org.openqa.selenium.remote.RemoteWebDriver.get(RemoteWebDriver.java:277)
at h2h.TS_001_ADMIN.OpenBrowser(TS_001_ADMIN.java:24)
at java.base/jdk.internal.reflect.NativeMethodAccessorImpl.invoke0(Native Method)
at java.base/jdk.internal.reflect.NativeMethodAccessorImpl.invoke(NativeMethodAccessorImpl.java:62)
at java.base/jdk.internal.reflect.DelegatingMethodAccessorImpl.invoke(DelegatingMethodAccessorImpl.java:43)
at java.base/java.lang.reflect.Method.invoke(Method.java:567)
at org.testng.internal.MethodInvocationHelper.invokeMethod(MethodInvocationHelper.java:133)
at org.testng.internal.MethodInvocationHelper.invokeMethodConsideringTimeout(MethodInvocationHelper.java:62)
at org.testng.internal.ConfigInvoker.invokeConfigurationMethod(ConfigInvoker.java:385)
at org.testng.internal.ConfigInvoker.invokeConfigurations(ConfigInvoker.java:321)
at org.testng.SuiteRunner.privateRun(SuiteRunner.java:317)
at org.testng.SuiteRunner.run(SuiteRunner.java:276)
at org.testng.SuiteRunnerWorker.runSuite(SuiteRunnerWorker.java:53)
at org.testng.SuiteRunnerWorker.run(SuiteRunnerWorker.java:96)
at org.testng.TestNG.runSuitesSequentially(TestNG.java:1212)
at org.testng.TestNG.runSuitesLocally(TestNG.java:1134)
at org.testng.TestNG.runSuites(TestNG.java:1063)
at org.testng.TestNG.run(TestNG.java:1031)
at org.testng.remote.AbstractRemoteTestNG.run(AbstractRemoteTestNG.java:115)
at org.testng.remote.RemoteTestNG.initAndRun(RemoteTestNG.java:251)
at org.testng.remote.RemoteTestNG.main(RemoteTestNG.java:77)
]]>
    </error>
  </testcase> <!-- OpenBrowser -->
  <system-out/>
  <testcase classname="h2h.TS_001_ADMIN" name="Url_HealthTest" time="0.000">
    <skipped/>
  </testcase> <!-- Url_HealthTest -->
  <system-out/>
  <testcase classname="h2h.TS_001_ADMIN" name="TC_01_To_verify_the_fields_login_and_password_make_empty_and_click_login_button_or_Press_Enter" time="0.000">
    <skipped/>
  </testcase> <!-- TC_01_To_verify_the_fields_login_and_password_make_empty_and_click_login_button_or_Press_Enter -->
  <system-out/>
  <testcase classname="h2h.TS_001_ADMIN" name="TC_02_To_verify_input_of_correct_User_ID_and_leave_the_password_fied_empty_and_click_login_button_or_Press_Enter" time="0.000">
    <skipped/>
  </testcase> <!-- TC_02_To_verify_input_of_correct_User_ID_and_leave_the_password_fied_empty_and_click_login_button_or_Press_Enter -->
  <system-out/>
  <testcase classname="h2h.TS_001_ADMIN" name="TC_03_To_verify_leave_the_User_ID_field_empty_and_enter_the_correct_password_and_click_login_button_or_Press_Enter" time="0.000">
    <skipped/>
  </testcase> <!-- TC_03_To_verify_leave_the_User_ID_field_empty_and_enter_the_correct_password_and_click_login_button_or_Press_Enter -->
  <system-out/>
  <testcase classname="h2h.TS_001_ADMIN" name="TC_04_To_verify_input_of_correct_User_ID_and_wrong_Password_and_click_login_button_or_Press_Enter" time="0.000">
    <skipped/>
  </testcase> <!-- TC_04_To_verify_input_of_correct_User_ID_and_wrong_Password_and_click_login_button_or_Press_Enter -->
  <system-out/>
  <testcase classname="h2h.TS_001_ADMIN" name="TC_05_To_verify_input_of_wrong_User_ID_and_correct_Password_and_click_login_button_or_Press_Enter" time="0.000">
    <skipped/>
  </testcase> <!-- TC_05_To_verify_input_of_wrong_User_ID_and_correct_Password_and_click_login_button_or_Press_Enter -->
  <system-out/>
  <testcase classname="h2h.TS_001_ADMIN" name="TC_06_To_verify_input_of_correct_ADMIN_User_ID_and_correct_Password_and_click_login_button_or_Press_Enter" time="0.000">
    <skipped/>
  </testcase> <!-- TC_06_To_verify_input_of_correct_ADMIN_User_ID_and_correct_Password_and_click_login_button_or_Press_Enter -->
  <system-out/>
  <testcase classname="h2h.TS_001_ADMIN" name="TC_07_Input_valid_or_invalid_entries_in_User_ID_and_password_and_if_you_click_cancel_button_in_the_login_Page" time="0.000">
    <skipped/>
  </testcase> <!-- TC_07_Input_valid_or_invalid_entries_in_User_ID_and_password_and_if_you_click_cancel_button_in_the_login_Page -->
  <system-out/>
  <testcase classname="h2h.TS_001_ADMIN" name="TC_09_Check_the_Password_field_it_should_be_hidden_by_dots_instead_of_alphanumeric" time="0.000">
    <skipped/>
  </testcase> <!-- TC_09_Check_the_Password_field_it_should_be_hidden_by_dots_instead_of_alphanumeric -->
  <system-out/>
  <testcase classname="h2h.TS_001_ADMIN" name="TC_10_Check_the_eye_icon_visible_or_not_in_the_Password_field" time="0.000">
    <skipped/>
  </testcase> <!-- TC_10_Check_the_eye_icon_visible_or_not_in_the_Password_field -->
  <system-out/>
  <testcase classname="h2h.TS_001_ADMIN" name="TC_11_check_the_eye_icon_visible_or_not_in_the_Password_field_if_the_user_allows_the_manage_password_in_his_her_Browser" time="0.000">
    <skipped/>
  </testcase> <!-- TC_11_check_the_eye_icon_visible_or_not_in_the_Password_field_if_the_user_allows_the_manage_password_in_his_her_Browser -->
  <system-out/>
  <testcase classname="h2h.TS_001_ADMIN" name="TC_13_check_the_Password_field_whether_it_is_allowed_or_not_for_the_user_to_login_if_the_password_is_copy_paste_action" time="0.000">
    <skipped/>
  </testcase> <!-- TC_13_check_the_Password_field_whether_it_is_allowed_or_not_for_the_user_to_login_if_the_password_is_copy_paste_action -->
  <system-out/>
  <testcase classname="h2h.TS_001_ADMIN" name="TC_14_Check_the_Login_activity_in_two_or_more_different_Devices_Laptops_desktops_etc_at_the_simultaneous_time" time="0.000">
    <skipped/>
  </testcase> <!-- TC_14_Check_the_Login_activity_in_two_or_more_different_Devices_Laptops_desktops_etc_at_the_simultaneous_time -->
  <system-out/>
  <testcase classname="h2h.TS_001_ADMIN" name="TC_15_Check_the_Login_activity_in_two_or_more_different_Tab_in_single_browser" time="0.000">
    <skipped/>
  </testcase> <!-- TC_15_Check_the_Login_activity_in_two_or_more_different_Tab_in_single_browser -->
  <system-out/>
  <testcase classname="h2h.TS_001_ADMIN" name="TC_08_Input_valid_login_credentials_and_it_navigate_home_page_or_Dash_board_and_leave_the_web_application_simply_idle_for_15_minutes" time="0.000">
    <skipped/>
  </testcase> <!-- TC_08_Input_valid_login_credentials_and_it_navigate_home_page_or_Dash_board_and_leave_the_web_application_simply_idle_for_15_minutes -->
  <system-out/>
  <testcase classname="h2h.TS_001_ADMIN" name="TC_12_Check_leave_the_wrong_User_ID_and_password_and_note_how_many_times_it_took_to_block_user_id" time="0.000">
    <skipped/>
  </testcase> <!-- TC_12_Check_leave_the_wrong_User_ID_and_password_and_note_how_many_times_it_took_to_block_user_id -->
  <system-out/>
</testsuite> <!-- h2h.TS_001_ADMIN -->
