<?xml version="1.0" encoding="UTF-8"?>
<!-- Generated by org.testng.reporters.JUnitReportReporter -->
<testsuite hostname="LAPTOP-DT949S15" failures="0" tests="93" name="h2h_New.ADMIN" time="837.832" errors="2" timestamp="2022-02-24T20:08:57 IST" skipped="0">
  <testcase classname="h2h_New.ADMIN" name="TS_001_01_To_verify_the_fields_login_and_password_make_empty_and_click_login_button_or_Press_Enter" time="8.313"/>
  <system-out/>
  <testcase classname="h2h_New.ADMIN" name="TS_001_02_To_verify_input_of_correct_User_ID_and_leave_the_password_fied_empty_and_click_login_button_or_Press_Enter" time="10.751"/>
  <system-out/>
  <testcase classname="h2h_New.ADMIN" name="TS_001_03_To_verify_leave_the_User_ID_field_empty_and_enter_the_correct_password_and_click_login_button_or_Press_Enter" time="8.434"/>
  <system-out/>
  <testcase classname="h2h_New.ADMIN" name="TS_001_04_To_verify_input_of_correct_User_ID_and_wrong_Password_and_click_login_button_or_Press_Enter" time="9.701"/>
  <system-out/>
  <testcase classname="h2h_New.ADMIN" name="TS_001_05_To_verify_input_of_wrong_User_ID_and_correct_Password_and_click_login_button_or_Press_Enter" time="9.797"/>
  <system-out/>
  <testcase classname="h2h_New.ADMIN" name="TS_001_06_To_verify_input_of_correct_ADMIN_User_ID_and_correct_Password_and_click_login_button_or_Press_Enter" time="24.913"/>
  <system-out/>
  <testcase classname="h2h_New.ADMIN" name="TS_001_07_Input_valid_or_invalid_entries_in_User_ID_and_password_and_if_you_click_cancel_button_in_the_login_Page" time="14.780"/>
  <system-out/>
  <testcase classname="h2h_New.ADMIN" name="TS_001_09_Check_the_Password_field_it_should_be_hidden_by_dots_instead_of_alphanumeric" time="3.376"/>
  <system-out/>
  <testcase classname="h2h_New.ADMIN" name="TS_001_10_Check_the_eye_icon_visible_or_not_in_the_Password_field" time="6.542"/>
  <system-out/>
  <testcase classname="h2h_New.ADMIN" name="TS_001_11_check_the_eye_icon_visible_or_not_in_the_Password_field_if_the_user_allows_the_manage_password_in_his_her_Browser" time="6.353"/>
  <system-out/>
  <testcase classname="h2h_New.ADMIN" name="TS_001_13_check_the_Password_field_whether_it_is_allowed_or_not_for_the_user_to_login_if_the_password_is_copy_paste_action" time="11.514"/>
  <system-out/>
  <testcase classname="h2h_New.ADMIN" name="TS_001_15_Check_the_Login_activity_in_two_or_more_different_Tab_in_single_browser" time="35.567"/>
  <system-out/>
  <testcase classname="h2h_New.ADMIN" name="TS_001_12_Check_leave_the_wrong_User_ID_and_password_and_note_how_many_times_it_took_to_block_user_id" time="28.146"/>
  <system-out/>
  <testcase classname="h2h_New.ADMIN" name="TS_001_20_Check_the_Forget_Password_button_is_working_or_not" time="6.447"/>
  <system-out/>
  <testcase classname="h2h_New.ADMIN" name="TS_001_21_In_Forget_Password_recover_page_Check_the_Username_field" time="4.333"/>
  <system-out/>
  <testcase classname="h2h_New.ADMIN" name="TS_001_22_In_Forget_Password_Recover_page_Check_the_Username_field_allows_alphanumeric_and_special_characters" time="4.242"/>
  <system-out/>
  <testcase classname="h2h_New.ADMIN" name="TS_001_23_In_Forget_Password_Recover_page_Check_the_Send_OTP_through_EMail_field" time="23.340"/>
  <system-out/>
  <testcase classname="h2h_New.ADMIN" name="TS_001_24_In_Forget_Password_Recover_Page__Check_the_validate_OTP_field_with_wrong_OTP" time="10.466"/>
  <system-out/>
  <testcase classname="h2h_New.ADMIN" name="TS_001_27_In_Forget_Password_Recover_page_Check_the_Cancel_Button" time="7.391"/>
  <system-out/>
  <testcase classname="h2h_New.ADMIN" name="TS_002_01_Check_click_the_user_Registration_parent_menu" time="17.973"/>
  <system-out/>
  <testcase classname="h2h_New.ADMIN" name="TS_002_02_Check_click_the_user_Registration_child_menu" time="10.535"/>
  <system-out/>
  <testcase classname="h2h_New.ADMIN" name="TS_002_03_In_User_Registration_check_the_organization_code_field" time="3.265"/>
  <system-out/>
  <testcase classname="h2h_New.ADMIN" name="TS_002_04_In_User_Registration_check_the_User_ID_field_whether_it_allows_an_alphanumeric_and_special_characters_or_not" time="3.415"/>
  <system-out/>
  <testcase classname="h2h_New.ADMIN" name="TS_002_05_In_User_Registration_Check_the_User_ID_field_it_should_not_allow_more_than_20_characters" time="3.230"/>
  <system-out/>
  <testcase classname="h2h_New.ADMIN" name="TS_002_06_In_User_Registration_check_the_User_Name_field_whether_it_allows_an_alphanumeric_and_special_characters_or_not" time="3.366"/>
  <system-out/>
  <testcase classname="h2h_New.ADMIN" name="TS_002_07_In_User_Registration_Check_the_User_Name_field_it_should_not_allow_more_than_20_characters" time="3.262"/>
  <system-out/>
  <testcase classname="h2h_New.ADMIN" name="TS_002_08_In_User_Registration_Check_the_Date_field_allows_manual_input_in_the_given_format_dd_mm_yyyy" time="3.222"/>
  <system-out/>
  <testcase classname="h2h_New.ADMIN" name="TS_002_09_In_User_Registration_Check_the_Date_field_whether_future_date_should_be_freeze" time="3.341"/>
  <system-out/>
  <testcase classname="h2h_New.ADMIN" name="TS_002_10_In_User_Registration_Check_the_Date_field_shows_the_calander_icon_in_the_dropdown_format" time="6.218"/>
  <system-out/>
  <testcase classname="h2h_New.ADMIN" name="TS_002_11_In_User_Registration_check_the_primary_mobile_number_field_allows_only_a_numeric_value_or_not" time="3.350"/>
  <system-out/>
  <testcase classname="h2h_New.ADMIN" name="TS_002_12_In_User_Registration_check_the_primary_mobile_number_field_should_not_allow_more_than_10_digits" time="3.100"/>
  <system-out/>
  <testcase classname="h2h_New.ADMIN" name="TS_002_13_In_User_Registration_check_the_primary_mobile_number_field_should_not_allow_more_than_10_digits" time="3.255"/>
  <system-out/>
  <testcase classname="h2h_New.ADMIN" name="TS_002_14_In_User_Registration_Check_the_eye_button_working_or_not_in_the_Password_field" time="6.513"/>
  <system-out/>
  <testcase classname="h2h_New.ADMIN" name="TS_002_15_In_User_Registration_Check_the_Password_field_it_should_be_hidden_by_dots_instead_of_alphanumeric_and_special_characters" time="6.473"/>
  <system-out/>
  <testcase classname="h2h_New.ADMIN" name="TS_002_16_In_User_Registration_Check_the_eye_button_working_or_not_in_the_Re_Enter_Password_field" time="6.592"/>
  <system-out/>
  <testcase classname="h2h_New.ADMIN" name="TS_002_17_In_User_Registration_Check_the_Re_Enter_Password_field_it_should_be_hidden_by_dots_instead_of_alphanumeric_and_special_characters" time="6.470"/>
  <system-out/>
  <testcase classname="h2h_New.ADMIN" name="TS_002_18_In_User_Registration_Check_the_Role_code_should_be_in_the_dropdown_field_and_it_contain_different_role_like_Admin_Maker_Checker_etc" time="7.047"/>
  <system-out/>
  <testcase classname="h2h_New.ADMIN" name="TS_002_19_In_User_Registration_Check_the_Role_code_dropdown_field_it_shows_a_label_select" time="6.718"/>
  <system-out/>
  <testcase classname="h2h_New.ADMIN" name="TS_002_20_In_User_Registration_Check_the_Role_code_dropdown_field_allow_to_select_the_listed_Role_code" time="6.825"/>
  <system-out/>
  <testcase classname="h2h_New.ADMIN" name="TS_002_21_In_User_Registration_Check_the_Registration_Date_whether_future_date_are_not_shown" time="3.315"/>
  <system-out/>
  <testcase classname="h2h_New.ADMIN" name="TS_002_22_In_User_Registration_Check_the_Branch_code_should_be_in_the_dropdown_field_and_it_contain_several_number_of_branch_codes" time="3.847"/>
  <system-out/>
  <testcase classname="h2h_New.ADMIN" name="TS_002_23_In_User_Registration_Check_the_Branch_code_dropdown_field_it_shows_a_label_select" time="6.705"/>
  <system-out/>
  <testcase classname="h2h_New.ADMIN" name="TS_002_24_In_User_Registration_Check_the_branch_code_dropdown_field_allow_to_select_the_listed_branch_code" time="6.709"/>
  <system-out/>
  <testcase classname="h2h_New.ADMIN" name="TS_002_25_In_User_Registration_Check_the_Submit_Button_to_confirm_the_entries" time="45.772"/>
  <system-out/>
  <testcase classname="h2h_New.ADMIN" name="TS_002_26_In_User_Registration_Check_the_Cancel_Button_to_remove_the_entries_in_all_fileds" time="21.023"/>
  <system-out/>
  <testcase classname="h2h_New.ADMIN" name="TS_002_29_In_H2H_Dash_Board_Check_the_Click_to_Authorize_Button_is_working_or_not" time="16.064"/>
  <system-out/>
  <testcase classname="h2h_New.ADMIN" name="TS_002_30_In_H2H__Check_the_Back_Button" time="3.210"/>
  <system-out/>
  <testcase classname="h2h_New.ADMIN" name="TS_003_01_Check_click_the_Setting_parental_menu" time="6.489"/>
  <system-out/>
  <testcase classname="h2h_New.ADMIN" name="TS_003_02_Check_click_the_Profile_image_upload_child_menu" time="3.400"/>
  <system-out/>
  <testcase classname="h2h_New.ADMIN" name="TS_003_03_In_Profile_image_upload_check_the_profile_photo_field" time="3.122"/>
  <system-out/>
  <testcase classname="h2h_New.ADMIN" name="TS_003_04_In_Profile_image_upload_check_the_Upload_photo_are_changed_or_not" time="3.197"/>
  <system-out/>
  <testcase classname="h2h_New.ADMIN" name="TS_003_05_In_Profile_image_upload_check_the_Upload_photo_field" time="3.121"/>
  <system-out/>
  <testcase classname="h2h_New.ADMIN" name="TS_003_06_In_Profile_image_upload_check_the_Upload_photo_field_whether_it_support_or_not" time="8.481"/>
  <system-out/>
  <testcase classname="h2h_New.ADMIN" name="TS_003_07_In_Profile_image_upload_check_the_Upload_photo_field_whether_it_support_the_size_of_image" time="5.643"/>
  <system-out/>
  <testcase classname="h2h_New.ADMIN" name="TS_003_08_In_Profile_image_upload_Check_the_Submit_Button_to_confirm_the_entries" time="12.381"/>
  <system-out/>
  <testcase classname="h2h_New.ADMIN" name="TS_003_09_In_Profile_image_upload_Check_the_Cancel_Button_to_remove_the_entries_in_all_field" time="9.596"/>
  <system-out/>
  <testcase classname="h2h_New.ADMIN" name="TS_003_10_In_Approval_check_the_Program_Name_field" time="10.712"/>
  <system-out/>
  <testcase classname="h2h_New.ADMIN" name="TS_003_11_InApproval_check_the_Program_Name_field_are_allow_manual_input_or_not" time="3.214"/>
  <system-out/>
  <testcase classname="h2h_New.ADMIN" name="TS_003_12_In_Approval_check_the_Search_Value_field" time="3.313"/>
  <system-out/>
  <testcase classname="h2h_New.ADMIN" name="TS_003_13_In_Approval_check_the_Entered_by_field" time="3.267"/>
  <system-out/>
  <testcase classname="h2h_New.ADMIN" name="TS_003_14_In_Approval_check_the_Reset_icon_button" time="5.226"/>
  <system-out/>
  <testcase classname="h2h_New.ADMIN" name="TS_003_15_In_Approval_check_the_row_per_page_field" time="6.473"/>
  <system-out/>
  <testcase classname="h2h_New.ADMIN" name="TS_003_16_In_Approval_check_the_Authorize_button" time="16.113"/>
  <system-out/>
  <testcase classname="h2h_New.ADMIN" name="TS_003_17_In_Approval_check_the_Reject_button" time="23.745"/>
  <system-out/>
  <testcase classname="h2h_New.ADMIN" name="TS_003__25_In_Block_unblock_User_Check_the_User_ID_field" time="10.375"/>
  <system-out/>
  <testcase classname="h2h_New.ADMIN" name="TC_003_26_In_Block_unblock_User_verify_the_Check_box_field" time="4.088"/>
  <system-out/>
  <testcase classname="h2h_New.ADMIN" name="TC_003_27_In_Block_unblock_User_Check_the_Submit_Button_to_confirm_the_entries" time="3.222"/>
  <system-out/>
  <testcase classname="h2h_New.ADMIN" name="TC_003_28_In_Block_unblock_User_Check_the_Cancel_Button" time="6.812"/>
  <system-out/>
  <testcase classname="h2h_New.ADMIN" name="TC_003_29_In_Ledger_Map_Check_the_Payment_Vendor_fileds" time="9.070"/>
  <system-out/>
  <testcase classname="h2h_New.ADMIN" name="TC_003_30_In_Ledger_Map_Check_the_Invoice_Subcode_fileds" time="4.364"/>
  <system-out/>
  <testcase classname="h2h_New.ADMIN" name="TC_003_31_In_Ledger_Map_Check_the_Transaction_Type_fileds" time="2.274"/>
  <system-out/>
  <testcase classname="h2h_New.ADMIN" name="TC_003_32_In_Ledger_Map_Check_the_Debit_Credit_fileds" time="2.303"/>
  <system-out/>
  <testcase classname="h2h_New.ADMIN" name="TC_003_33_In_Ledger_Map_Check_the_Currency_fileds" time="3.219"/>
  <system-out/>
  <testcase classname="h2h_New.ADMIN" name="TC_003_34_In_STP_Check_the_STP_check_box_field" time="2.313"/>
  <system-out/>
  <testcase classname="h2h_New.ADMIN" name="TC_003_35_In_Account_Name_Check_the_Account_Name_field" time="2.466"/>
  <system-out/>
  <testcase classname="h2h_New.ADMIN" name="TC_003_36_In_Ledger_Map_Check_the_Submit_Button_to_confirm_the_entries" time="35.352"/>
  <system-out/>
  <testcase classname="h2h_New.ADMIN" name="TC_003_37_In_Ledger_Map_Check_the_Reset_button_to_remove_the_entries_in_all_filed" time="30.275"/>
  <system-out/>
  <testcase classname="h2h_New.ADMIN" name="TC_003_38_In_User_Password_Reset_Check_the_User_id_field" time="11.153"/>
  <system-out/>
  <testcase classname="h2h_New.ADMIN" name="TC_003_39_In_User_Password_Reset_Check_the_New_Password_field" time="6.671"/>
  <system-out/>
  <testcase classname="h2h_New.ADMIN" name="TC_003_40_In_User_Password_Reset_Check_the_Re_Enter_Password_field" time="6.476"/>
  <system-out/>
  <testcase classname="h2h_New.ADMIN" name="TC_003_41_In_User_Password_Reset_Check_the_Submit_Button_to_confirm_the_entries" time="14.245"/>
  <system-out/>
  <testcase classname="h2h_New.ADMIN" name="TC_003_42_In_User_Password_Reset_Check_the_Reset_Button_to_remove_the_entries_in_all_filed" time="9.696"/>
  <system-out/>
  <testcase classname="h2h_New.ADMIN" name="TC_03_43_In_Invoice_Code_Check_whether_the_new_invoice_code" time="12.252"/>
  <system-out/>
  <testcase classname="h2h_New.ADMIN" name="TC_03_44_In_Invoice_SubCode_check_the_submit_button" time="22.156"/>
  <system-out/>
  <testcase classname="h2h_New.ADMIN" name="TC_04_01_Check_click_the_Profile_parent_menu" time="4.340"/>
  <system-out/>
  <testcase classname="h2h_New.ADMIN" name="TC_04_02_Check_click_the_Profile_image_upload_child_menu" time="0.365"/>
  <system-out/>
  <testcase classname="h2h_New.ADMIN" name="TC_04_03_In_Profile_image_upload_check_the_Upload_photo_field" time="0.183">
    <error message="invalid argument: File not found : D:\Selenium\Source File\avatar (M2).png
  (Session info: chrome=98.0.4758.102)
Build info: version: &#039;3.141.59&#039;, revision: &#039;e82be7d358&#039;, time: &#039;2018-11-14T08:25:53&#039;
System info: host: &#039;LAPTOP-DT949S15&#039;, ip: &#039;192.168.1.3&#039;, os.name: &#039;Windows 10&#039;, os.arch: &#039;amd64&#039;, os.version: &#039;10.0&#039;, java.version: &#039;12.0.2&#039;
Driver info: org.openqa.selenium.chrome.ChromeDriver
Capabilities {acceptInsecureCerts: false, browserName: chrome, browserVersion: 98.0.4758.102, chrome: {chromedriverVersion: 98.0.4758.48 (d869ab3eda606..., userDataDir: C:\Users\HDSOFT~1\AppData\L...}, goog:chromeOptions: {debuggerAddress: localhost:52803}, javascriptEnabled: true, networkConnectionEnabled: false, pageLoadStrategy: normal, platform: WINDOWS, platformName: WINDOWS, proxy: Proxy(), setWindowRect: true, strictFileInteractability: false, timeouts: {implicit: 0, pageLoad: 300000, script: 30000}, unhandledPromptBehavior: dismiss and notify, webauthn:extension:credBlob: true, webauthn:extension:largeBlob: true, webauthn:virtualAuthenticators: true}
Session ID: b1d31f831601a21d84b51327bb941304" type="org.openqa.selenium.InvalidArgumentException">
      <![CDATA[org.openqa.selenium.InvalidArgumentException: invalid argument: File not found : D:\Selenium\Source File\avatar (M2).png
  (Session info: chrome=98.0.4758.102)
Build info: version: '3.141.59', revision: 'e82be7d358', time: '2018-11-14T08:25:53'
System info: host: 'LAPTOP-DT949S15', ip: '192.168.1.3', os.name: 'Windows 10', os.arch: 'amd64', os.version: '10.0', java.version: '12.0.2'
Driver info: org.openqa.selenium.chrome.ChromeDriver
Capabilities {acceptInsecureCerts: false, browserName: chrome, browserVersion: 98.0.4758.102, chrome: {chromedriverVersion: 98.0.4758.48 (d869ab3eda606..., userDataDir: C:\Users\HDSOFT~1\AppData\L...}, goog:chromeOptions: {debuggerAddress: localhost:52803}, javascriptEnabled: true, networkConnectionEnabled: false, pageLoadStrategy: normal, platform: WINDOWS, platformName: WINDOWS, proxy: Proxy(), setWindowRect: true, strictFileInteractability: false, timeouts: {implicit: 0, pageLoad: 300000, script: 30000}, unhandledPromptBehavior: dismiss and notify, webauthn:extension:credBlob: true, webauthn:extension:largeBlob: true, webauthn:virtualAuthenticators: true}
Session ID: b1d31f831601a21d84b51327bb941304
at java.base/jdk.internal.reflect.NativeConstructorAccessorImpl.newInstance0(Native Method)
at java.base/jdk.internal.reflect.NativeConstructorAccessorImpl.newInstance(NativeConstructorAccessorImpl.java:62)
at java.base/jdk.internal.reflect.DelegatingConstructorAccessorImpl.newInstance(DelegatingConstructorAccessorImpl.java:45)
at java.base/java.lang.reflect.Constructor.newInstanceWithCaller(Constructor.java:500)
at java.base/java.lang.reflect.Constructor.newInstance(Constructor.java:481)
at org.openqa.selenium.remote.http.W3CHttpResponseCodec.createException(W3CHttpResponseCodec.java:187)
at org.openqa.selenium.remote.http.W3CHttpResponseCodec.decode(W3CHttpResponseCodec.java:122)
at org.openqa.selenium.remote.http.W3CHttpResponseCodec.decode(W3CHttpResponseCodec.java:49)
at org.openqa.selenium.remote.HttpCommandExecutor.execute(HttpCommandExecutor.java:158)
at org.openqa.selenium.remote.service.DriverCommandExecutor.execute(DriverCommandExecutor.java:83)
at org.openqa.selenium.remote.RemoteWebDriver.execute(RemoteWebDriver.java:552)
at org.openqa.selenium.remote.RemoteWebElement.execute(RemoteWebElement.java:285)
at org.openqa.selenium.remote.RemoteWebElement.sendKeys(RemoteWebElement.java:106)
at h2h_New.ADMIN.TC_04_03_In_Profile_image_upload_check_the_Upload_photo_field(ADMIN.java:1650)
at java.base/jdk.internal.reflect.NativeMethodAccessorImpl.invoke0(Native Method)
at java.base/jdk.internal.reflect.NativeMethodAccessorImpl.invoke(NativeMethodAccessorImpl.java:62)
at java.base/jdk.internal.reflect.DelegatingMethodAccessorImpl.invoke(DelegatingMethodAccessorImpl.java:43)
at java.base/java.lang.reflect.Method.invoke(Method.java:567)
at org.testng.internal.MethodInvocationHelper.invokeMethod(MethodInvocationHelper.java:133)
at org.testng.internal.TestInvoker.invokeMethod(TestInvoker.java:598)
at org.testng.internal.TestInvoker.invokeTestMethod(TestInvoker.java:173)
at org.testng.internal.MethodRunner.runInSequence(MethodRunner.java:46)
at org.testng.internal.TestInvoker$MethodInvocationAgent.invoke(TestInvoker.java:824)
at org.testng.internal.TestInvoker.invokeTestMethods(TestInvoker.java:146)
at org.testng.internal.TestMethodWorker.invokeTestMethods(TestMethodWorker.java:146)
at org.testng.internal.TestMethodWorker.run(TestMethodWorker.java:128)
at java.base/java.util.ArrayList.forEach(ArrayList.java:1540)
at org.testng.TestRunner.privateRun(TestRunner.java:794)
at org.testng.TestRunner.run(TestRunner.java:596)
at org.testng.SuiteRunner.runTest(SuiteRunner.java:377)
at org.testng.SuiteRunner.runSequentially(SuiteRunner.java:371)
at org.testng.SuiteRunner.privateRun(SuiteRunner.java:332)
at org.testng.SuiteRunner.run(SuiteRunner.java:276)
at org.testng.SuiteRunnerWorker.runSuite(SuiteRunnerWorker.java:53)
at org.testng.SuiteRunnerWorker.run(SuiteRunnerWorker.java:96)
at org.testng.TestNG.runSuitesSequentially(TestNG.java:1212)
at org.testng.TestNG.runSuitesLocally(TestNG.java:1134)
at org.testng.TestNG.runSuites(TestNG.java:1063)
at org.testng.TestNG.run(TestNG.java:1031)
at org.testng.remote.AbstractRemoteTestNG.run(AbstractRemoteTestNG.java:115)
at org.testng.remote.RemoteTestNG.initAndRun(RemoteTestNG.java:251)
at org.testng.remote.RemoteTestNG.main(RemoteTestNG.java:77)
]]>
    </error>
  </testcase> <!-- TC_04_03_In_Profile_image_upload_check_the_Upload_photo_field -->
  <system-out/>
  <testcase classname="h2h_New.ADMIN" name="TC_04_04_In_Profile_image_upload_Check_the_Submit_Button_to_confirm_the_entries" time="3.142"/>
  <system-out/>
  <testcase classname="h2h_New.ADMIN" name="TC_04_05_In_Profile_image_upload_Check_the_Cancel_Button_to_remove_the_entries_in_all_fileds" time="0.079">
    <error message="invalid argument: File not found : D:\Selenium\Source File\avatar (M2).png
  (Session info: chrome=98.0.4758.102)
Build info: version: &#039;3.141.59&#039;, revision: &#039;e82be7d358&#039;, time: &#039;2018-11-14T08:25:53&#039;
System info: host: &#039;LAPTOP-DT949S15&#039;, ip: &#039;192.168.1.3&#039;, os.name: &#039;Windows 10&#039;, os.arch: &#039;amd64&#039;, os.version: &#039;10.0&#039;, java.version: &#039;12.0.2&#039;
Driver info: org.openqa.selenium.chrome.ChromeDriver
Capabilities {acceptInsecureCerts: false, browserName: chrome, browserVersion: 98.0.4758.102, chrome: {chromedriverVersion: 98.0.4758.48 (d869ab3eda606..., userDataDir: C:\Users\HDSOFT~1\AppData\L...}, goog:chromeOptions: {debuggerAddress: localhost:52803}, javascriptEnabled: true, networkConnectionEnabled: false, pageLoadStrategy: normal, platform: WINDOWS, platformName: WINDOWS, proxy: Proxy(), setWindowRect: true, strictFileInteractability: false, timeouts: {implicit: 0, pageLoad: 300000, script: 30000}, unhandledPromptBehavior: dismiss and notify, webauthn:extension:credBlob: true, webauthn:extension:largeBlob: true, webauthn:virtualAuthenticators: true}
Session ID: b1d31f831601a21d84b51327bb941304" type="org.openqa.selenium.InvalidArgumentException">
      <![CDATA[org.openqa.selenium.InvalidArgumentException: invalid argument: File not found : D:\Selenium\Source File\avatar (M2).png
  (Session info: chrome=98.0.4758.102)
Build info: version: '3.141.59', revision: 'e82be7d358', time: '2018-11-14T08:25:53'
System info: host: 'LAPTOP-DT949S15', ip: '192.168.1.3', os.name: 'Windows 10', os.arch: 'amd64', os.version: '10.0', java.version: '12.0.2'
Driver info: org.openqa.selenium.chrome.ChromeDriver
Capabilities {acceptInsecureCerts: false, browserName: chrome, browserVersion: 98.0.4758.102, chrome: {chromedriverVersion: 98.0.4758.48 (d869ab3eda606..., userDataDir: C:\Users\HDSOFT~1\AppData\L...}, goog:chromeOptions: {debuggerAddress: localhost:52803}, javascriptEnabled: true, networkConnectionEnabled: false, pageLoadStrategy: normal, platform: WINDOWS, platformName: WINDOWS, proxy: Proxy(), setWindowRect: true, strictFileInteractability: false, timeouts: {implicit: 0, pageLoad: 300000, script: 30000}, unhandledPromptBehavior: dismiss and notify, webauthn:extension:credBlob: true, webauthn:extension:largeBlob: true, webauthn:virtualAuthenticators: true}
Session ID: b1d31f831601a21d84b51327bb941304
at java.base/jdk.internal.reflect.NativeConstructorAccessorImpl.newInstance0(Native Method)
at java.base/jdk.internal.reflect.NativeConstructorAccessorImpl.newInstance(NativeConstructorAccessorImpl.java:62)
at java.base/jdk.internal.reflect.DelegatingConstructorAccessorImpl.newInstance(DelegatingConstructorAccessorImpl.java:45)
at java.base/java.lang.reflect.Constructor.newInstanceWithCaller(Constructor.java:500)
at java.base/java.lang.reflect.Constructor.newInstance(Constructor.java:481)
at org.openqa.selenium.remote.http.W3CHttpResponseCodec.createException(W3CHttpResponseCodec.java:187)
at org.openqa.selenium.remote.http.W3CHttpResponseCodec.decode(W3CHttpResponseCodec.java:122)
at org.openqa.selenium.remote.http.W3CHttpResponseCodec.decode(W3CHttpResponseCodec.java:49)
at org.openqa.selenium.remote.HttpCommandExecutor.execute(HttpCommandExecutor.java:158)
at org.openqa.selenium.remote.service.DriverCommandExecutor.execute(DriverCommandExecutor.java:83)
at org.openqa.selenium.remote.RemoteWebDriver.execute(RemoteWebDriver.java:552)
at org.openqa.selenium.remote.RemoteWebElement.execute(RemoteWebElement.java:285)
at org.openqa.selenium.remote.RemoteWebElement.sendKeys(RemoteWebElement.java:106)
at h2h_New.ADMIN.TC_04_05_In_Profile_image_upload_Check_the_Cancel_Button_to_remove_the_entries_in_all_fileds(ADMIN.java:1672)
at java.base/jdk.internal.reflect.NativeMethodAccessorImpl.invoke0(Native Method)
at java.base/jdk.internal.reflect.NativeMethodAccessorImpl.invoke(NativeMethodAccessorImpl.java:62)
at java.base/jdk.internal.reflect.DelegatingMethodAccessorImpl.invoke(DelegatingMethodAccessorImpl.java:43)
at java.base/java.lang.reflect.Method.invoke(Method.java:567)
at org.testng.internal.MethodInvocationHelper.invokeMethod(MethodInvocationHelper.java:133)
at org.testng.internal.TestInvoker.invokeMethod(TestInvoker.java:598)
at org.testng.internal.TestInvoker.invokeTestMethod(TestInvoker.java:173)
at org.testng.internal.MethodRunner.runInSequence(MethodRunner.java:46)
at org.testng.internal.TestInvoker$MethodInvocationAgent.invoke(TestInvoker.java:824)
at org.testng.internal.TestInvoker.invokeTestMethods(TestInvoker.java:146)
at org.testng.internal.TestMethodWorker.invokeTestMethods(TestMethodWorker.java:146)
at org.testng.internal.TestMethodWorker.run(TestMethodWorker.java:128)
at java.base/java.util.ArrayList.forEach(ArrayList.java:1540)
at org.testng.TestRunner.privateRun(TestRunner.java:794)
at org.testng.TestRunner.run(TestRunner.java:596)
at org.testng.SuiteRunner.runTest(SuiteRunner.java:377)
at org.testng.SuiteRunner.runSequentially(SuiteRunner.java:371)
at org.testng.SuiteRunner.privateRun(SuiteRunner.java:332)
at org.testng.SuiteRunner.run(SuiteRunner.java:276)
at org.testng.SuiteRunnerWorker.runSuite(SuiteRunnerWorker.java:53)
at org.testng.SuiteRunnerWorker.run(SuiteRunnerWorker.java:96)
at org.testng.TestNG.runSuitesSequentially(TestNG.java:1212)
at org.testng.TestNG.runSuitesLocally(TestNG.java:1134)
at org.testng.TestNG.runSuites(TestNG.java:1063)
at org.testng.TestNG.run(TestNG.java:1031)
at org.testng.remote.AbstractRemoteTestNG.run(AbstractRemoteTestNG.java:115)
at org.testng.remote.RemoteTestNG.initAndRun(RemoteTestNG.java:251)
at org.testng.remote.RemoteTestNG.main(RemoteTestNG.java:77)
]]>
    </error>
  </testcase> <!-- TC_04_05_In_Profile_image_upload_Check_the_Cancel_Button_to_remove_the_entries_in_all_fileds -->
  <system-out/>
  <testcase classname="h2h_New.ADMIN" name="TC_04_06_In_Reset_Password_Check_the_New_Password_field" time="10.221"/>
  <system-out/>
  <testcase classname="h2h_New.ADMIN" name="TC_04_07_In_Reset_Password_Check_the_Re_Enter_Password_field" time="5.494"/>
  <system-out/>
  <testcase classname="h2h_New.ADMIN" name="TC_04_09_In_Reset_Password_Check_the_Clear_Button" time="5.888"/>
  <system-out/>
  <testcase classname="h2h_New.ADMIN" name="TC_04_08_In_Reset_Password_Check_the_Submit_Button_to_confirm_the_entries" time="26.624"/>
  <system-out/>
</testsuite> <!-- h2h_New.ADMIN -->
