<?xml version="1.0" encoding="UTF-8"?>
<!-- Generated by org.testng.reporters.JUnitReportReporter -->
<testsuite hostname="LAPTOP-DT949S15" failures="0" tests="29" name="h2h_New.CHECKER" time="234.930" errors="1" timestamp="2022-02-25T16:22:35 IST" skipped="0">
  <testcase classname="h2h_New.CHECKER" name="Url_HealthTest" time="0.797"/>
  <system-out/>
  <testcase classname="h2h_New.CHECKER" name="TS_Checker_Reports_02_Check_click_the_Administrator_parent_menu" time="14.753"/>
  <system-out/>
  <testcase classname="h2h_New.CHECKER" name="TS_Checker_Reports_03_In_Reports_click_the_Receipt_invoice_Print_child_menu" time="3.739"/>
  <system-out/>
  <testcase classname="h2h_New.CHECKER" name="TS_Checker_Reports_04_In_Receipt_invoice_Print_check_the_Invoice_Reciept_for_field" time="3.167"/>
  <system-out/>
  <testcase classname="h2h_New.CHECKER" name="TS_Checker_Reports_05_In_Receipt_invoice_Print_check_the_Invoice_Recipt_for_field_are_allow_manual_input_or_not" time="4.860"/>
  <system-out/>
  <testcase classname="h2h_New.CHECKER" name="TS_Checker_Reports_06_In_Receipt_invoice_Print_check_the_Customer_group_field" time="5.445"/>
  <system-out/>
  <testcase classname="h2h_New.CHECKER" name="TS_Checker_Reports_07_In_Receipt_invoice_Print_check__the_Invoice_Number_field" time="5.183"/>
  <system-out/>
  <testcase classname="h2h_New.CHECKER" name="TS_Checker_Reports_08_In_Receipt_invoice_Print_check_the_Invoice_Date_field_whether_it_should_allow_manual_input_or_not" time="5.140"/>
  <system-out/>
  <testcase classname="h2h_New.CHECKER" name="TS_Checker_Reports_09_In_Receipt_invoice_Print_check_the_Invoice_Date_field_whether_it_should_allow_manual_input_or_not" time="5.115"/>
  <system-out/>
  <testcase classname="h2h_New.CHECKER" name="TS_Checker_Reports_12_In_Receipt_invoice_Print_Check_the_Pay_serial_field" time="6.173"/>
  <system-out/>
  <testcase classname="h2h_New.CHECKER" name="TS_Checker_Reports_13_In_Receipt_invoice_Print_Check_the_Duplicate_field" time="3.072"/>
  <system-out/>
  <testcase classname="h2h_New.CHECKER" name="TS_Checker_Reports_14_In_Receipt_invoice_Print_Check_the_Duplicate_field_whether_it_allow_to_click_or_not" time="3.064"/>
  <system-out/>
  <testcase classname="h2h_New.CHECKER" name="TS_Checker_Reports_15_In_Receipt_invoice_Print_Check_the_Print_Button" time="16.692"/>
  <system-out/>
  <testcase classname="h2h_New.CHECKER" name="TS_Checker_Reports_16_In_Receipt_invoice_Print_Check_the_Reset_Button" time="3.400"/>
  <system-out/>
  <testcase classname="h2h_New.CHECKER" name="TS_Checker_Reports_17_In_Reports_click_the_Invoice_Payment_Status_field" time="7.122"/>
  <system-out/>
  <testcase classname="h2h_New.CHECKER" name="TS_Checker_Reports_18_In_Invoice_Payment_Status_check_the_Invoice_Payment_Status_field" time="3.121"/>
  <system-out/>
  <testcase classname="h2h_New.CHECKER" name="TS_Checker_Reports_19_In_Invoice_Payment_Status_check_the_Invoice_Payment_Status_field" time="3.162"/>
  <system-out/>
  <testcase classname="h2h_New.CHECKER" name="TS_Checker_Reports_20_In_Invoice_Payment_Status_check_the_Invoice_Type_field" time="3.087"/>
  <system-out/>
  <testcase classname="h2h_New.CHECKER" name="TS_Checker_Reports_21_In_Invoice_Payment_Status_check_the_Invoice_Type_field" time="3.165"/>
  <system-out/>
  <testcase classname="h2h_New.CHECKER" name="TS_Checker_Reports_22_In_Invoice_Payment_Status_click_the_From_Date_field_whether_it_should_allow_manual_input_or_not" time="3.123"/>
  <system-out/>
  <testcase classname="h2h_New.CHECKER" name="TS_Checker_Reports_25_In_Invoice_Payment_Status_check_the_To_Date_field_whether_it_should_allow_manual_input_or_not" time="3.083"/>
  <system-out/>
  <testcase classname="h2h_New.CHECKER" name="TS_Checker_Reports_28_In_Invoice_Payment_Status_Check_the_Get_Bill_Detail_button" time="38.130"/>
  <system-out/>
  <testcase classname="h2h_New.CHECKER" name="TS_Checker_Reports_29_In_Invoice_Payment_Status_Check_the_Reset_button" time="3.412"/>
  <system-out/>
  <testcase classname="h2h_New.CHECKER" name="TS_Checker_Reports_31_In_Invoice_Payment_Status_Check_the_Download_button" time="49.883"/>
  <system-out/>
  <testcase classname="h2h_New.CHECKER" name="TS_Checker_Approval_02_In_Approval_Click_to_verify_Authorization_child_menu" time="9.501"/>
  <system-out/>
  <testcase classname="h2h_New.CHECKER" name="TS_Checker_Approval_03_In_Authorization_Check_the_Program_Name_Field" time="3.408"/>
  <system-out/>
  <testcase classname="h2h_New.CHECKER" name="TS_Checker_Approval_04_In_Authorization_Check_the_Program_Name_field_whether_it_should_allow_manual_input_or_not" time="3.110"/>
  <system-out/>
  <testcase classname="h2h_New.CHECKER" name="TS_Checker_Approval_05_In_Approval_check_the_Search_Value_field" time="6.208"/>
  <system-out/>
  <testcase classname="h2h_New.CHECKER" name="TS_Checker_Approval_06_In_Approval_check_the_Entered_by_field" time="14.815">
    <error message="no such element: Unable to locate element: {&quot;method&quot;:&quot;xpath&quot;,&quot;selector&quot;:&quot;/html/body/div[3]/div/div[3]/button[1]&quot;}
  (Session info: chrome=98.0.4758.102)
For documentation on this error, please visit: https://www.seleniumhq.org/exceptions/no_such_element.html
Build info: version: &#039;3.141.59&#039;, revision: &#039;e82be7d358&#039;, time: &#039;2018-11-14T08:25:53&#039;
System info: host: &#039;LAPTOP-DT949S15&#039;, ip: &#039;192.168.1.18&#039;, os.name: &#039;Windows 10&#039;, os.arch: &#039;amd64&#039;, os.version: &#039;10.0&#039;, java.version: &#039;12.0.2&#039;
Driver info: org.openqa.selenium.chrome.ChromeDriver
Capabilities {acceptInsecureCerts: false, browserName: chrome, browserVersion: 98.0.4758.102, chrome: {chromedriverVersion: 98.0.4758.48 (d869ab3eda606..., userDataDir: C:\Users\HDSOFT~1\AppData\L...}, goog:chromeOptions: {debuggerAddress: localhost:52196}, javascriptEnabled: true, networkConnectionEnabled: false, pageLoadStrategy: normal, platform: WINDOWS, platformName: WINDOWS, proxy: Proxy(), setWindowRect: true, strictFileInteractability: false, timeouts: {implicit: 0, pageLoad: 300000, script: 30000}, unhandledPromptBehavior: dismiss and notify, webauthn:extension:credBlob: true, webauthn:extension:largeBlob: true, webauthn:virtualAuthenticators: true}
Session ID: 6c69efb35381d84095b696f0ab97e537
*** Element info: {Using=xpath, value=/html/body/div[3]/div/div[3]/button[1]}" type="org.openqa.selenium.NoSuchElementException">
      <![CDATA[org.openqa.selenium.NoSuchElementException: no such element: Unable to locate element: {"method":"xpath","selector":"/html/body/div[3]/div/div[3]/button[1]"}
  (Session info: chrome=98.0.4758.102)
For documentation on this error, please visit: https://www.seleniumhq.org/exceptions/no_such_element.html
Build info: version: '3.141.59', revision: 'e82be7d358', time: '2018-11-14T08:25:53'
System info: host: 'LAPTOP-DT949S15', ip: '192.168.1.18', os.name: 'Windows 10', os.arch: 'amd64', os.version: '10.0', java.version: '12.0.2'
Driver info: org.openqa.selenium.chrome.ChromeDriver
Capabilities {acceptInsecureCerts: false, browserName: chrome, browserVersion: 98.0.4758.102, chrome: {chromedriverVersion: 98.0.4758.48 (d869ab3eda606..., userDataDir: C:\Users\HDSOFT~1\AppData\L...}, goog:chromeOptions: {debuggerAddress: localhost:52196}, javascriptEnabled: true, networkConnectionEnabled: false, pageLoadStrategy: normal, platform: WINDOWS, platformName: WINDOWS, proxy: Proxy(), setWindowRect: true, strictFileInteractability: false, timeouts: {implicit: 0, pageLoad: 300000, script: 30000}, unhandledPromptBehavior: dismiss and notify, webauthn:extension:credBlob: true, webauthn:extension:largeBlob: true, webauthn:virtualAuthenticators: true}
Session ID: 6c69efb35381d84095b696f0ab97e537
*** Element info: {Using=xpath, value=/html/body/div[3]/div/div[3]/button[1]}
at java.base/jdk.internal.reflect.NativeConstructorAccessorImpl.newInstance0(Native Method)
at java.base/jdk.internal.reflect.NativeConstructorAccessorImpl.newInstance(NativeConstructorAccessorImpl.java:62)
at java.base/jdk.internal.reflect.DelegatingConstructorAccessorImpl.newInstance(DelegatingConstructorAccessorImpl.java:45)
at java.base/java.lang.reflect.Constructor.newInstanceWithCaller(Constructor.java:500)
at java.base/java.lang.reflect.Constructor.newInstance(Constructor.java:481)
at org.openqa.selenium.remote.http.W3CHttpResponseCodec.createException(W3CHttpResponseCodec.java:187)
at org.openqa.selenium.remote.http.W3CHttpResponseCodec.decode(W3CHttpResponseCodec.java:122)
at org.openqa.selenium.remote.http.W3CHttpResponseCodec.decode(W3CHttpResponseCodec.java:49)
at org.openqa.selenium.remote.HttpCommandExecutor.execute(HttpCommandExecutor.java:158)
at org.openqa.selenium.remote.service.DriverCommandExecutor.execute(DriverCommandExecutor.java:83)
at org.openqa.selenium.remote.RemoteWebDriver.execute(RemoteWebDriver.java:552)
at org.openqa.selenium.remote.RemoteWebDriver.findElement(RemoteWebDriver.java:323)
at org.openqa.selenium.remote.RemoteWebDriver.findElementByXPath(RemoteWebDriver.java:428)
at org.openqa.selenium.By$ByXPath.findElement(By.java:353)
at org.openqa.selenium.remote.RemoteWebDriver.findElement(RemoteWebDriver.java:315)
at h2h_New.CHECKER.TS_Checker_Approval_06_In_Approval_check_the_Entered_by_field(CHECKER.java:520)
at java.base/jdk.internal.reflect.NativeMethodAccessorImpl.invoke0(Native Method)
at java.base/jdk.internal.reflect.NativeMethodAccessorImpl.invoke(NativeMethodAccessorImpl.java:62)
at java.base/jdk.internal.reflect.DelegatingMethodAccessorImpl.invoke(DelegatingMethodAccessorImpl.java:43)
at java.base/java.lang.reflect.Method.invoke(Method.java:567)
at org.testng.internal.MethodInvocationHelper.invokeMethod(MethodInvocationHelper.java:133)
at org.testng.internal.TestInvoker.invokeMethod(TestInvoker.java:598)
at org.testng.internal.TestInvoker.invokeTestMethod(TestInvoker.java:173)
at org.testng.internal.MethodRunner.runInSequence(MethodRunner.java:46)
at org.testng.internal.TestInvoker$MethodInvocationAgent.invoke(TestInvoker.java:824)
at org.testng.internal.TestInvoker.invokeTestMethods(TestInvoker.java:146)
at org.testng.internal.TestMethodWorker.invokeTestMethods(TestMethodWorker.java:146)
at org.testng.internal.TestMethodWorker.run(TestMethodWorker.java:128)
at java.base/java.util.ArrayList.forEach(ArrayList.java:1540)
at org.testng.TestRunner.privateRun(TestRunner.java:794)
at org.testng.TestRunner.run(TestRunner.java:596)
at org.testng.SuiteRunner.runTest(SuiteRunner.java:377)
at org.testng.SuiteRunner.runSequentially(SuiteRunner.java:371)
at org.testng.SuiteRunner.privateRun(SuiteRunner.java:332)
at org.testng.SuiteRunner.run(SuiteRunner.java:276)
at org.testng.SuiteRunnerWorker.runSuite(SuiteRunnerWorker.java:53)
at org.testng.SuiteRunnerWorker.run(SuiteRunnerWorker.java:96)
at org.testng.TestNG.runSuitesSequentially(TestNG.java:1212)
at org.testng.TestNG.runSuitesLocally(TestNG.java:1134)
at org.testng.TestNG.runSuites(TestNG.java:1063)
at org.testng.TestNG.run(TestNG.java:1031)
at org.testng.remote.AbstractRemoteTestNG.run(AbstractRemoteTestNG.java:115)
at org.testng.remote.RemoteTestNG.initAndRun(RemoteTestNG.java:251)
at org.testng.remote.RemoteTestNG.main(RemoteTestNG.java:77)
]]>
    </error>
  </testcase> <!-- TS_Checker_Approval_06_In_Approval_check_the_Entered_by_field -->
  <system-out/>
</testsuite> <!-- h2h_New.CHECKER -->
